<?xml version="1.0" encoding="UTF-8"?>
<!-- Generated by org.testng.reporters.JUnitReportReporter -->
<testsuite hostname="SHEFEENA" failures="0" tests="1" name="testscript.Clientpage_Test" time="7.103" errors="0" timestamp="2024-11-28T11:18:13 IST" skipped="0">
  <testcase classname="testscript.Clientpage_Test" name="verifytheUserisAbleToSearchTheClientDetails" time="7.103"/>
  <system-out/>
</testsuite> <!-- testscript.Clientpage_Test -->
