<?xml version="1.0" encoding="UTF-8"?>
<!-- Generated by org.testng.reporters.JUnitReportReporter -->
<testsuite hostname="SHEFEENA" failures="0" tests="1" name="testscript.Clientpage_Test" time="10.593" errors="0" timestamp="2024-11-23T14:51:16 IST" skipped="0">
  <testcase classname="testscript.Clientpage_Test" name="verifytheUserisAbleToSearchTheClientDetails" time="10.593"/>
  <system-out/>
</testsuite> <!-- testscript.Clientpage_Test -->
