<?xml version="1.0" encoding="UTF-8"?>
<!-- Generated by org.testng.reporters.JUnitReportReporter -->
<testsuite hostname="SHEFEENA" failures="0" tests="1" name="testscript.Loginpagetest" time="9.493" errors="0" timestamp="2024-11-22T22:10:20 IST" skipped="0">
  <testcase classname="testscript.Loginpagetest" name="verifyUserIsAbleToLoginValidCredenstials" time="9.493"/>
  <system-out/>
</testsuite> <!-- testscript.Loginpagetest -->
