<?xml version="1.0" encoding="UTF-8"?>
<!-- Generated by org.testng.reporters.JUnitReportReporter -->
<testsuite hostname="SHEFEENA" failures="0" tests="1" name="testscript.NewTest1" time="0.018" errors="0" timestamp="2024-11-21T12:40:24 IST" skipped="0">
  <testcase classname="testscript.NewTest1" name="display" time="0.018"/>
  <system-out/>
</testsuite> <!-- testscript.NewTest1 -->
