<?xml version="1.0" encoding="UTF-8"?>
<!-- Generated by org.testng.reporters.JUnitReportReporter -->
<testsuite hostname="SHEFEENA" failures="0" tests="3" name="testscript.NewTest" time="0.012" errors="0" timestamp="2024-11-28T11:18:13 IST" skipped="0">
  <testcase classname="testscript.NewTest" name="java" time="0.001"/>
  <system-out/>
  <testcase classname="testscript.NewTest" name="aelo" time="0.010"/>
  <system-out/>
  <testcase classname="testscript.NewTest" name="display" time="0.001"/>
  <system-out/>
</testsuite> <!-- testscript.NewTest -->
